Build started 4.5.2015 13:33:30.
     1>Project "C:\Users\matW7\Documents\Visual Studio 2012\Projects\Resize\Resize\Resize.vcxproj" on node 2 (Build target(s)).
     1>ClCompile:
         C:\Program Files (x86)\Microsoft Visual Studio 11.0\VC\bin\CL.exe /c /IC:\opencv\build\x64\vc11\..\..\include /ZI /nologo /W3 /WX- /Od /Oy- /D WIN32 /D _DEBUG /D _CONSOLE /D _UNICODE /D UNICODE /Gm /EHsc /RTC1 /MDd /GS /fp:precise /Zc:wchar_t /Zc:forScope /Fo"Debug\\" /Fd"Debug\vc110.pdb" /Gd /TP /analyze- /errorReport:prompt resize.cpp resizeAutomatic.cpp resizeManual.cpp
         resizeManual.cpp
         resizeAutomatic.cpp
     1>c:\users\matw7\documents\visual studio 2012\projects\resize\resize\resizeautomatic.cpp(31): warning C4244: 'argument' : conversion from 'float' to 'int', possible loss of data
     1>c:\users\matw7\documents\visual studio 2012\projects\resize\resize\resizeautomatic.cpp(205): warning C4244: 'argument' : conversion from 'float' to 'int', possible loss of data
         resize.cpp
         Generating Code...
       Link:
         C:\Program Files (x86)\Microsoft Visual Studio 11.0\VC\bin\link.exe /ERRORREPORT:PROMPT /OUT:"C:\Users\matW7\Documents\Visual Studio 2012\Projects\Resize\Debug\Resize.exe" /INCREMENTAL /NOLOGO /LIBPATH:C:\opencv\build\x64\vc11\lib opencv_calib3d2411d.lib opencv_contrib2411d.lib opencv_core2411d.lib opencv_features2d2411d.lib opencv_flann2411d.lib opencv_gpu2411d.lib opencv_highgui2411d.lib opencv_imgproc2411d.lib opencv_legacy2411d.lib opencv_ml2411d.lib opencv_nonfree2411d.lib opencv_objdetect2411d.lib opencv_ocl2411d.lib opencv_photo2411d.lib opencv_stitching2411d.lib opencv_superres2411d.lib opencv_ts2411d.lib opencv_video2411d.lib opencv_videostab2411d.lib kernel32.lib user32.lib gdi32.lib winspool.lib comdlg32.lib advapi32.lib shell32.lib ole32.lib oleaut32.lib uuid.lib odbc32.lib odbccp32.lib /MANIFEST /MANIFESTUAC:"level='asInvoker' uiAccess='false'" /manifest:embed /DEBUG /PDB:"C:\Users\matW7\Documents\Visual Studio 2012\Projects\Resize\Debug\Resize.pdb" /SUBSYSTEM:CONSOLE /TLBID:1 /DYNAMICBASE /NXCOMPAT /IMPLIB:"C:\Users\matW7\Documents\Visual Studio 2012\Projects\Resize\Debug\Resize.lib" /MACHINE:X86 Debug\resize.obj
         Debug\resizeAutomatic.obj
         Debug\resizeManual.obj
     1>opencv_core2411d.lib(opencv_core2411d.dll) : fatal error LNK1112: module machine type 'x64' conflicts with target machine type 'X86'
     1>Done Building Project "C:\Users\matW7\Documents\Visual Studio 2012\Projects\Resize\Resize\Resize.vcxproj" (Build target(s)) -- FAILED.

Build FAILED.

Time Elapsed 00:00:06.04
