Build started 4.5.2015 13:31:21.
     1>Project "C:\Users\matW7\Documents\Visual Studio 2012\Projects\Resize\Resize\Resize.vcxproj" on node 2 (Build target(s)).
     1>ClCompile:
         C:\Program Files (x86)\Microsoft Visual Studio 11.0\VC\bin\CL.exe /c /Zi /nologo /W3 /WX- /O2 /Oi /Oy- /GL /D WIN32 /D NDEBUG /D _CONSOLE /D _UNICODE /D UNICODE /Gm- /EHsc /MD /GS /Gy /fp:precise /Zc:wchar_t /Zc:forScope /Fo"Release\\" /Fd"Release\vc110.pdb" /Gd /TP /analyze- /errorReport:prompt resize.cpp resizeAutomatic.cpp resizeManual.cpp
         resize.cpp
     1>c:\users\matw7\documents\visual studio 2012\projects\resize\resize\resizeAM.h(1): fatal error C1083: Cannot open include file: 'opencv2/core/core.hpp': No such file or directory
         resizeAutomatic.cpp
     1>resizeAutomatic.cpp(1): fatal error C1083: Cannot open include file: 'opencv2/core/core.hpp': No such file or directory
         resizeManual.cpp
     1>resizeManual.cpp(1): fatal error C1083: Cannot open include file: 'opencv2/core/core.hpp': No such file or directory
     1>Done Building Project "C:\Users\matW7\Documents\Visual Studio 2012\Projects\Resize\Resize\Resize.vcxproj" (Build target(s)) -- FAILED.

Build FAILED.

Time Elapsed 00:00:01.37
